<?xml version="1.0" encoding="UTF-8"?>
<!-- Generated by org.testng.reporters.JUnitXMLReporter -->
<testsuite ignored="0" hostname="our-laptop" failures="0" tests="3" name="Surefire test" time="158.466" errors="0" timestamp="2025-06-13T16:18:54 CEST">
  <testcase classname="tests.WelcomeTest" name="testCreateNewWalletButton" time="15.953"/>
  <testcase classname="tests.WelcomeTest" name="verifyCreateWalletButtonExists" time="8.989"/>
  <testcase classname="tests.WelcomeTest" name="verifyImportWalletButtonExists" time="7.426"/>
</testsuite> <!-- Surefire test -->
