<?xml version="1.0" encoding="UTF-8"?>
<testng-results ignored="0" total="3" passed="3" failed="0" skipped="0">
  <reporter-output>
  </reporter-output>
  <suite started-at="2025-06-13T16:16:15 CEST" name="Surefire suite" finished-at="2025-06-13T16:18:54 CEST" duration-ms="158466">
    <groups>
    </groups>
    <test started-at="2025-06-13T16:16:15 CEST" name="Surefire test" finished-at="2025-06-13T16:18:54 CEST" duration-ms="158466">
      <class name="tests.WelcomeTest">
        <test-method is-config="true" signature="setUp()[pri:0, instance:tests.WelcomeTest@13c10b87]" started-at="2025-06-13T16:16:16 CEST" name="setUp" finished-at="2025-06-13T16:17:14 CEST" duration-ms="58165" status="PASS">
          <reporter-output>
          </reporter-output>
        </test-method> <!-- setUp -->
        <test-method signature="testCreateNewWalletButton()[pri:0, instance:tests.WelcomeTest@13c10b87]" started-at="2025-06-13T16:17:14 CEST" name="testCreateNewWalletButton" description="Test clicking Create New Wallet button" finished-at="2025-06-13T16:17:30 CEST" duration-ms="15953" status="PASS">
          <reporter-output>
          </reporter-output>
        </test-method> <!-- testCreateNewWalletButton -->
        <test-method is-config="true" signature="tearDown(org.testng.ITestResult)[pri:0, instance:tests.WelcomeTest@13c10b87]" started-at="2025-06-13T16:17:30 CEST" name="tearDown" finished-at="2025-06-13T16:17:34 CEST" duration-ms="3702" status="PASS">
          <params>
            <param index="0">
              <value>
                <![CDATA[[TestResult name=testCreateNewWalletButton status=SUCCESS method=WelcomeTest.testCreateNewWalletButton()[pri:0, instance:tests.WelcomeTest@13c10b87] output={null}]]]>
              </value>
            </param>
          </params>
          <reporter-output>
          </reporter-output>
        </test-method> <!-- tearDown -->
        <test-method is-config="true" signature="setUp()[pri:0, instance:tests.WelcomeTest@13c10b87]" started-at="2025-06-13T16:17:34 CEST" name="setUp" finished-at="2025-06-13T16:18:09 CEST" duration-ms="35120" status="PASS">
          <reporter-output>
          </reporter-output>
        </test-method> <!-- setUp -->
        <test-method signature="verifyCreateWalletButtonExists()[pri:0, instance:tests.WelcomeTest@13c10b87]" started-at="2025-06-13T16:18:09 CEST" name="verifyCreateWalletButtonExists" description="Verify Create New Wallet button is visible" finished-at="2025-06-13T16:18:18 CEST" duration-ms="8989" status="PASS">
          <reporter-output>
          </reporter-output>
        </test-method> <!-- verifyCreateWalletButtonExists -->
        <test-method is-config="true" signature="tearDown(org.testng.ITestResult)[pri:0, instance:tests.WelcomeTest@13c10b87]" started-at="2025-06-13T16:18:18 CEST" name="tearDown" finished-at="2025-06-13T16:18:20 CEST" duration-ms="2566" status="PASS">
          <params>
            <param index="0">
              <value>
                <![CDATA[[TestResult name=verifyCreateWalletButtonExists status=SUCCESS method=WelcomeTest.verifyCreateWalletButtonExists()[pri:0, instance:tests.WelcomeTest@13c10b87] output={null}]]]>
              </value>
            </param>
          </params>
          <reporter-output>
          </reporter-output>
        </test-method> <!-- tearDown -->
        <test-method is-config="true" signature="setUp()[pri:0, instance:tests.WelcomeTest@13c10b87]" started-at="2025-06-13T16:18:20 CEST" name="setUp" finished-at="2025-06-13T16:18:44 CEST" duration-ms="23406" status="PASS">
          <reporter-output>
          </reporter-output>
        </test-method> <!-- setUp -->
        <test-method signature="verifyImportWalletButtonExists()[pri:0, instance:tests.WelcomeTest@13c10b87]" started-at="2025-06-13T16:18:44 CEST" name="verifyImportWalletButtonExists" description="Verify Import Wallet button is visible" finished-at="2025-06-13T16:18:51 CEST" duration-ms="7426" status="PASS">
          <reporter-output>
          </reporter-output>
        </test-method> <!-- verifyImportWalletButtonExists -->
        <test-method is-config="true" signature="tearDown(org.testng.ITestResult)[pri:0, instance:tests.WelcomeTest@13c10b87]" started-at="2025-06-13T16:18:51 CEST" name="tearDown" finished-at="2025-06-13T16:18:54 CEST" duration-ms="2644" status="PASS">
          <params>
            <param index="0">
              <value>
                <![CDATA[[TestResult name=verifyImportWalletButtonExists status=SUCCESS method=WelcomeTest.verifyImportWalletButtonExists()[pri:0, instance:tests.WelcomeTest@13c10b87] output={null}]]]>
              </value>
            </param>
          </params>
          <reporter-output>
          </reporter-output>
        </test-method> <!-- tearDown -->
      </class> <!-- tests.WelcomeTest -->
    </test> <!-- Surefire test -->
  </suite> <!-- Surefire suite -->
</testng-results>
